<?xml version="1.0" encoding="UTF-8" ?>
<testsuite tests="4" failures="0" name="com.Calculator.Calculator.CalculatorTest" time="0.204" errors="0" skipped="0">
  <properties>
[...]
</properties>
  <testcase classname="com.Calculator.Calculator.CalculatorTest" name="shouldSubtractTwoNumbers" time="0.202"/>
  <testcase classname="com.Calculator.Calculator.CalculatorTest" name="shouldDivideTwoNumbers" time="0"/>
  <testcase classname="com.Calculator.Calculator.CalculatorTest" name="shouldMultiplyTwoNumbers" time="0"/>
  <testcase classname="com.Calculator.Calculator.CalculatorTest" name="shouldAddTwoNumbers" time="0.002"/>
</testsuite>